0.1267869 release enter
1.2099708 press a
1.3698978 release a
1.3957798 press d
1.5840776 release d
1.643781 press a
1.862448 release a
1.8683611 press d
2.064498 release d
2.2357841 press a
2.3768064 release a
2.3775544 press s
2.4854919 release s
2.5604603 press s
2.6687758 release s
2.6927635 press s
2.853539 release s
2.9814247 press w
3.0335049 release w
3.118791 press w
3.1874568 release w
3.3267704 press s
3.4635079 release s
3.5033901 press d
3.6427925 release d
3.6708538 press a
3.9295228 release a
